
*** Running vivado
    with args -log design_1_wrapper.vdi -applog -m64 -product Vivado -messageDb vivado.pb -mode batch -source design_1_wrapper.tcl -notrace



****** Vivado v2020.1 (64-bit)
  **** SW Build 2902540 on Wed May 27 19:54:49 MDT 2020
  **** IP Build 2902112 on Wed May 27 22:43:36 MDT 2020
    ** Copyright 1986-2020 Xilinx, Inc. All Rights Reserved.

source design_1_wrapper.tcl -notrace
CRITICAL WARNING: [Board 49-56] Problem parsing board file - C:/Xilinx/Vivado/2020.1/data/boards/board_files/kv260_carrier/1.2/board.xml. Board will be ignored.
Resolution: Please contact your board vendor with this message.
CRITICAL WARNING: [Board 49-56] Problem parsing board file - C:/Xilinx/Vivado/2020.1/data/boards/board_files/kv260_carrier/1.3/board.xml. Board will be ignored.
Resolution: Please contact your board vendor with this message.
CRITICAL WARNING: [Board 49-56] Problem parsing board file - C:/Xilinx/Vivado/2020.1/data/boards/board_files/kv260_som/1.2/board.xml. Board will be ignored.
Resolution: Please contact your board vendor with this message.
CRITICAL WARNING: [Board 49-56] Problem parsing board file - C:/Xilinx/Vivado/2020.1/data/boards/board_files/kv260_som/1.3/board.xml. Board will be ignored.
Resolution: Please contact your board vendor with this message.
INFO: [IP_Flow 19-234] Refreshing IP repositories
INFO: [IP_Flow 19-1700] Loaded user IP repository 'z:/ZynqBerry/ip_lib'.
INFO: [IP_Flow 19-2313] Loaded Vivado IP repository 'C:/Xilinx/Vivado/2020.1/data/ip'.
Command: link_design -top design_1_wrapper -part xc7z010clg225-1
Design is defaulting to srcset: sources_1
Design is defaulting to constrset: constrs_1
INFO: [Device 21-403] Loading part xc7z010clg225-1
