TRACE::2022-12-17.13:29:09::SCWBifWriter::Found the complete platform Z:/ZynqBerry/workspace/sdk/TE0727-02-41C34/export/TE0727-02-41C34/TE0727-02-41C34.xpfm
TRACE::2022-12-17.13:29:09::SCWBifWriter::hardware databse : design_1_wrapper_1
TRACE::2022-12-17.13:29:09::SCWBifWriter::bitstream found in the design
TRACE::2022-12-17.13:29:09::SCWBifWriter::Found a baremetal domain, proc: ps7_cortexa9_0
TRACE::2022-12-17.13:29:09::SCWBifWriter::proc type : 
TRACE::2022-12-17.13:29:09::SCWBifWriter::proc[0] : ps7_cortexa9_0
TRACE::2022-12-17.13:29:09::SCWBifWriter::Device type is : zynq
TRACE::2022-12-17.13:29:09::SCWBifWriter::Writing BIF to file : Z:/ZynqBerry/workspace/sdk/MIPI_system/Debug/system.bif
TRACE::2022-12-17.13:29:09::SCWBifWriter::Writing the Zynq Baremetal bif 
TRACE::2022-12-17.13:29:39::SCWBifWriter::Found the complete platform Z:/ZynqBerry/workspace/sdk/TE0727-02-41C34/export/TE0727-02-41C34/TE0727-02-41C34.xpfm
TRACE::2022-12-17.13:29:39::SCWBifWriter::hardware databse : design_1_wrapper_1
TRACE::2022-12-17.13:29:39::SCWBifWriter::bitstream found in the design
TRACE::2022-12-17.13:29:39::SCWBifWriter::Found a baremetal domain, proc: ps7_cortexa9_0
TRACE::2022-12-17.13:29:39::SCWBifWriter::proc type : 
TRACE::2022-12-17.13:29:39::SCWBifWriter::proc[0] : ps7_cortexa9_0
TRACE::2022-12-17.13:29:39::SCWBifWriter::Device type is : zynq
TRACE::2022-12-17.13:29:39::SCWBifWriter::Writing BIF to file : Z:/ZynqBerry/workspace/sdk/MIPI_system/Debug/system.bif
TRACE::2022-12-17.13:29:39::SCWBifWriter::Writing the Zynq Baremetal bif 
TRACE::2022-12-17.13:32:26::SCWBifWriter::Found the complete platform Z:/ZynqBerry/workspace/sdk/TE0727-02-41C34/export/TE0727-02-41C34/TE0727-02-41C34.xpfm
TRACE::2022-12-17.13:32:26::SCWBifWriter::hardware databse : design_1_wrapper_1
TRACE::2022-12-17.13:32:26::SCWBifWriter::bitstream found in the design
TRACE::2022-12-17.13:32:26::SCWBifWriter::Found a baremetal domain, proc: ps7_cortexa9_0
TRACE::2022-12-17.13:32:26::SCWBifWriter::proc type : 
TRACE::2022-12-17.13:32:26::SCWBifWriter::proc[0] : ps7_cortexa9_0
TRACE::2022-12-17.13:32:26::SCWBifWriter::Device type is : zynq
TRACE::2022-12-17.13:32:26::SCWBifWriter::Writing BIF to file : Z:/ZynqBerry/workspace/sdk/MIPI_system/Debug/system.bif
TRACE::2022-12-17.13:32:26::SCWBifWriter::Writing the Zynq Baremetal bif 
TRACE::2022-12-17.13:33:12::SCWBifWriter::Found the complete platform Z:/ZynqBerry/workspace/sdk/TE0727-02-41C34/export/TE0727-02-41C34/TE0727-02-41C34.xpfm
TRACE::2022-12-17.13:33:12::SCWBifWriter::hardware databse : design_1_wrapper_1
TRACE::2022-12-17.13:33:12::SCWBifWriter::bitstream found in the design
TRACE::2022-12-17.13:33:12::SCWBifWriter::Found a baremetal domain, proc: ps7_cortexa9_0
TRACE::2022-12-17.13:33:12::SCWBifWriter::proc type : 
TRACE::2022-12-17.13:33:12::SCWBifWriter::proc[0] : ps7_cortexa9_0
TRACE::2022-12-17.13:33:12::SCWBifWriter::Device type is : zynq
TRACE::2022-12-17.13:33:12::SCWBifWriter::Writing BIF to file : Z:/ZynqBerry/workspace/sdk/MIPI_system/Debug/system.bif
TRACE::2022-12-17.13:33:12::SCWBifWriter::Writing the Zynq Baremetal bif 
TRACE::2022-12-17.13:33:58::SCWBifWriter::Found the complete platform Z:/ZynqBerry/workspace/sdk/TE0727-02-41C34/export/TE0727-02-41C34/TE0727-02-41C34.xpfm
TRACE::2022-12-17.13:33:58::SCWBifWriter::hardware databse : design_1_wrapper_1
TRACE::2022-12-17.13:33:58::SCWBifWriter::bitstream found in the design
TRACE::2022-12-17.13:33:58::SCWBifWriter::Found a baremetal domain, proc: ps7_cortexa9_0
TRACE::2022-12-17.13:33:58::SCWBifWriter::proc type : 
TRACE::2022-12-17.13:33:58::SCWBifWriter::proc[0] : ps7_cortexa9_0
TRACE::2022-12-17.13:33:58::SCWBifWriter::Device type is : zynq
TRACE::2022-12-17.13:33:58::SCWBifWriter::Writing BIF to file : Z:/ZynqBerry/workspace/sdk/MIPI_system/Debug/system.bif
TRACE::2022-12-17.13:33:58::SCWBifWriter::Writing the Zynq Baremetal bif 
TRACE::2022-12-17.13:34:45::SCWBifWriter::Found the complete platform Z:/ZynqBerry/workspace/sdk/TE0727-02-41C34/export/TE0727-02-41C34/TE0727-02-41C34.xpfm
TRACE::2022-12-17.13:34:45::SCWBifWriter::hardware databse : design_1_wrapper_1
TRACE::2022-12-17.13:34:45::SCWBifWriter::bitstream found in the design
TRACE::2022-12-17.13:34:45::SCWBifWriter::Found a baremetal domain, proc: ps7_cortexa9_0
TRACE::2022-12-17.13:34:45::SCWBifWriter::proc type : 
TRACE::2022-12-17.13:34:45::SCWBifWriter::proc[0] : ps7_cortexa9_0
TRACE::2022-12-17.13:34:45::SCWBifWriter::Device type is : zynq
TRACE::2022-12-17.13:34:45::SCWBifWriter::Writing BIF to file : Z:/ZynqBerry/workspace/sdk/MIPI_system/Debug/system.bif
TRACE::2022-12-17.13:34:45::SCWBifWriter::Writing the Zynq Baremetal bif 
TRACE::2022-12-17.13:39:48::SCWBifWriter::Found the complete platform Z:/ZynqBerry/workspace/sdk/TE0727-02-41C34/export/TE0727-02-41C34/TE0727-02-41C34.xpfm
TRACE::2022-12-17.13:39:48::SCWBifWriter::hardware databse : design_1_wrapper_1
TRACE::2022-12-17.13:39:48::SCWBifWriter::bitstream found in the design
TRACE::2022-12-17.13:39:48::SCWBifWriter::Found a baremetal domain, proc: ps7_cortexa9_0
TRACE::2022-12-17.13:39:48::SCWBifWriter::proc type : 
TRACE::2022-12-17.13:39:48::SCWBifWriter::proc[0] : ps7_cortexa9_0
TRACE::2022-12-17.13:39:48::SCWBifWriter::Device type is : zynq
TRACE::2022-12-17.13:39:48::SCWBifWriter::Writing BIF to file : Z:/ZynqBerry/workspace/sdk/MIPI_system/Debug/system.bif
TRACE::2022-12-17.13:39:48::SCWBifWriter::Writing the Zynq Baremetal bif 
TRACE::2022-12-17.13:41:52::SCWBifWriter::Found the complete platform Z:/ZynqBerry/workspace/sdk/TE0727-02-41C34/export/TE0727-02-41C34/TE0727-02-41C34.xpfm
TRACE::2022-12-17.13:41:52::SCWBifWriter::hardware databse : design_1_wrapper_1
TRACE::2022-12-17.13:41:52::SCWBifWriter::bitstream found in the design
TRACE::2022-12-17.13:41:52::SCWBifWriter::Found a baremetal domain, proc: ps7_cortexa9_0
TRACE::2022-12-17.13:41:52::SCWBifWriter::proc type : 
TRACE::2022-12-17.13:41:52::SCWBifWriter::proc[0] : ps7_cortexa9_0
TRACE::2022-12-17.13:41:52::SCWBifWriter::Device type is : zynq
TRACE::2022-12-17.13:41:52::SCWBifWriter::Writing BIF to file : Z:/ZynqBerry/workspace/sdk/MIPI_system/Debug/system.bif
TRACE::2022-12-17.13:41:52::SCWBifWriter::Writing the Zynq Baremetal bif 
TRACE::2022-12-17.13:43:15::SCWBifWriter::Found the complete platform Z:/ZynqBerry/workspace/sdk/TE0727-02-41C34/export/TE0727-02-41C34/TE0727-02-41C34.xpfm
TRACE::2022-12-17.13:43:15::SCWBifWriter::hardware databse : design_1_wrapper_1
TRACE::2022-12-17.13:43:15::SCWBifWriter::bitstream found in the design
TRACE::2022-12-17.13:43:15::SCWBifWriter::Found a baremetal domain, proc: ps7_cortexa9_0
TRACE::2022-12-17.13:43:15::SCWBifWriter::proc type : 
TRACE::2022-12-17.13:43:15::SCWBifWriter::proc[0] : ps7_cortexa9_0
TRACE::2022-12-17.13:43:15::SCWBifWriter::Device type is : zynq
TRACE::2022-12-17.13:43:15::SCWBifWriter::Writing BIF to file : Z:/ZynqBerry/workspace/sdk/MIPI_system/Debug/system.bif
TRACE::2022-12-17.13:43:15::SCWBifWriter::Writing the Zynq Baremetal bif 
TRACE::2022-12-17.13:45:10::SCWBifWriter::Found the complete platform Z:/ZynqBerry/workspace/sdk/TE0727-02-41C34/export/TE0727-02-41C34/TE0727-02-41C34.xpfm
TRACE::2022-12-17.13:45:10::SCWBifWriter::hardware databse : design_1_wrapper_1
TRACE::2022-12-17.13:45:10::SCWBifWriter::bitstream found in the design
TRACE::2022-12-17.13:45:10::SCWBifWriter::Found a baremetal domain, proc: ps7_cortexa9_0
TRACE::2022-12-17.13:45:10::SCWBifWriter::proc type : 
TRACE::2022-12-17.13:45:10::SCWBifWriter::proc[0] : ps7_cortexa9_0
TRACE::2022-12-17.13:45:10::SCWBifWriter::Device type is : zynq
TRACE::2022-12-17.13:45:10::SCWBifWriter::Writing BIF to file : Z:/ZynqBerry/workspace/sdk/MIPI_system/Debug/system.bif
TRACE::2022-12-17.13:45:10::SCWBifWriter::Writing the Zynq Baremetal bif 
TRACE::2022-12-17.13:45:24::SCWBifWriter::Found the complete platform Z:/ZynqBerry/workspace/sdk/TE0727-02-41C34/export/TE0727-02-41C34/TE0727-02-41C34.xpfm
TRACE::2022-12-17.13:45:24::SCWBifWriter::hardware databse : design_1_wrapper_1
TRACE::2022-12-17.13:45:24::SCWBifWriter::bitstream found in the design
TRACE::2022-12-17.13:45:24::SCWBifWriter::Found a baremetal domain, proc: ps7_cortexa9_0
TRACE::2022-12-17.13:45:24::SCWBifWriter::proc type : 
TRACE::2022-12-17.13:45:24::SCWBifWriter::proc[0] : ps7_cortexa9_0
TRACE::2022-12-17.13:45:24::SCWBifWriter::Device type is : zynq
TRACE::2022-12-17.13:45:24::SCWBifWriter::Writing BIF to file : Z:/ZynqBerry/workspace/sdk/MIPI_system/Debug/system.bif
TRACE::2022-12-17.13:45:24::SCWBifWriter::Writing the Zynq Baremetal bif 
TRACE::2022-12-17.13:46:06::SCWBifWriter::Found the complete platform Z:/ZynqBerry/workspace/sdk/TE0727-02-41C34/export/TE0727-02-41C34/TE0727-02-41C34.xpfm
TRACE::2022-12-17.13:46:06::SCWBifWriter::hardware databse : design_1_wrapper_1
TRACE::2022-12-17.13:46:06::SCWBifWriter::bitstream found in the design
TRACE::2022-12-17.13:46:06::SCWBifWriter::Found a baremetal domain, proc: ps7_cortexa9_0
TRACE::2022-12-17.13:46:06::SCWBifWriter::proc type : 
TRACE::2022-12-17.13:46:06::SCWBifWriter::proc[0] : ps7_cortexa9_0
TRACE::2022-12-17.13:46:06::SCWBifWriter::Device type is : zynq
TRACE::2022-12-17.13:46:06::SCWBifWriter::Writing BIF to file : Z:/ZynqBerry/workspace/sdk/MIPI_system/Debug/system.bif
TRACE::2022-12-17.13:46:06::SCWBifWriter::Writing the Zynq Baremetal bif 
TRACE::2022-12-17.13:47:14::SCWBifWriter::Found the complete platform Z:/ZynqBerry/workspace/sdk/TE0727-02-41C34/export/TE0727-02-41C34/TE0727-02-41C34.xpfm
TRACE::2022-12-17.13:47:14::SCWBifWriter::hardware databse : design_1_wrapper_1
TRACE::2022-12-17.13:47:14::SCWBifWriter::bitstream found in the design
TRACE::2022-12-17.13:47:14::SCWBifWriter::Found a baremetal domain, proc: ps7_cortexa9_0
TRACE::2022-12-17.13:47:14::SCWBifWriter::proc type : 
TRACE::2022-12-17.13:47:14::SCWBifWriter::proc[0] : ps7_cortexa9_0
TRACE::2022-12-17.13:47:14::SCWBifWriter::Device type is : zynq
TRACE::2022-12-17.13:47:14::SCWBifWriter::Writing BIF to file : Z:/ZynqBerry/workspace/sdk/MIPI_system/Debug/system.bif
TRACE::2022-12-17.13:47:14::SCWBifWriter::Writing the Zynq Baremetal bif 
TRACE::2022-12-17.13:50:21::SCWBifWriter::Found the complete platform Z:/ZynqBerry/workspace/sdk/TE0727-02-41C34/export/TE0727-02-41C34/TE0727-02-41C34.xpfm
TRACE::2022-12-17.13:50:21::SCWBifWriter::hardware databse : design_1_wrapper_1
TRACE::2022-12-17.13:50:21::SCWBifWriter::bitstream found in the design
TRACE::2022-12-17.13:50:21::SCWBifWriter::Found a baremetal domain, proc: ps7_cortexa9_0
TRACE::2022-12-17.13:50:21::SCWBifWriter::proc type : 
TRACE::2022-12-17.13:50:21::SCWBifWriter::proc[0] : ps7_cortexa9_0
TRACE::2022-12-17.13:50:21::SCWBifWriter::Device type is : zynq
TRACE::2022-12-17.13:50:21::SCWBifWriter::Writing BIF to file : Z:/ZynqBerry/workspace/sdk/MIPI_system/Debug/system.bif
TRACE::2022-12-17.13:50:21::SCWBifWriter::Writing the Zynq Baremetal bif 
TRACE::2022-12-17.13:50:58::SCWBifWriter::Found the complete platform Z:/ZynqBerry/workspace/sdk/TE0727-02-41C34/export/TE0727-02-41C34/TE0727-02-41C34.xpfm
TRACE::2022-12-17.13:50:58::SCWBifWriter::hardware databse : design_1_wrapper_1
TRACE::2022-12-17.13:50:58::SCWBifWriter::bitstream found in the design
TRACE::2022-12-17.13:50:58::SCWBifWriter::Found a baremetal domain, proc: ps7_cortexa9_0
TRACE::2022-12-17.13:50:58::SCWBifWriter::proc type : 
TRACE::2022-12-17.13:50:58::SCWBifWriter::proc[0] : ps7_cortexa9_0
TRACE::2022-12-17.13:50:58::SCWBifWriter::Device type is : zynq
TRACE::2022-12-17.13:50:58::SCWBifWriter::Writing BIF to file : Z:/ZynqBerry/workspace/sdk/MIPI_system/Debug/system.bif
TRACE::2022-12-17.13:50:58::SCWBifWriter::Writing the Zynq Baremetal bif 
TRACE::2022-12-17.13:53:13::SCWBifWriter::Found the complete platform Z:/ZynqBerry/workspace/sdk/TE0727-02-41C34/export/TE0727-02-41C34/TE0727-02-41C34.xpfm
TRACE::2022-12-17.13:53:13::SCWBifWriter::hardware databse : design_1_wrapper_2
TRACE::2022-12-17.13:53:13::SCWBifWriter::bitstream found in the design
TRACE::2022-12-17.13:53:13::SCWBifWriter::Found a baremetal domain, proc: ps7_cortexa9_0
TRACE::2022-12-17.13:53:13::SCWBifWriter::proc type : 
TRACE::2022-12-17.13:53:13::SCWBifWriter::proc[0] : ps7_cortexa9_0
TRACE::2022-12-17.13:53:13::SCWBifWriter::Device type is : zynq
TRACE::2022-12-17.13:53:13::SCWBifWriter::Writing BIF to file : Z:/ZynqBerry/workspace/sdk/MIPI_system/Debug/system.bif
TRACE::2022-12-17.13:53:13::SCWBifWriter::Writing the Zynq Baremetal bif 
TRACE::2022-12-17.13:56:01::SCWBifWriter::Found the complete platform Z:/ZynqBerry/workspace/sdk/TE0727-02-41C34/export/TE0727-02-41C34/TE0727-02-41C34.xpfm
TRACE::2022-12-17.13:56:01::SCWBifWriter::hardware databse : design_1_wrapper_2
TRACE::2022-12-17.13:56:01::SCWBifWriter::bitstream found in the design
TRACE::2022-12-17.13:56:01::SCWBifWriter::Found a baremetal domain, proc: ps7_cortexa9_0
TRACE::2022-12-17.13:56:01::SCWBifWriter::proc type : 
TRACE::2022-12-17.13:56:01::SCWBifWriter::proc[0] : ps7_cortexa9_0
TRACE::2022-12-17.13:56:01::SCWBifWriter::Device type is : zynq
TRACE::2022-12-17.13:56:01::SCWBifWriter::Writing BIF to file : Z:/ZynqBerry/workspace/sdk/MIPI_system/Debug/system.bif
TRACE::2022-12-17.13:56:01::SCWBifWriter::Writing the Zynq Baremetal bif 
TRACE::2022-12-17.13:57:00::SCWBifWriter::Found the complete platform Z:/ZynqBerry/workspace/sdk/TE0727-02-41C34/export/TE0727-02-41C34/TE0727-02-41C34.xpfm
TRACE::2022-12-17.13:57:00::SCWBifWriter::hardware databse : design_1_wrapper_2
TRACE::2022-12-17.13:57:00::SCWBifWriter::bitstream found in the design
TRACE::2022-12-17.13:57:00::SCWBifWriter::Found a baremetal domain, proc: ps7_cortexa9_0
TRACE::2022-12-17.13:57:00::SCWBifWriter::proc type : 
TRACE::2022-12-17.13:57:00::SCWBifWriter::proc[0] : ps7_cortexa9_0
TRACE::2022-12-17.13:57:00::SCWBifWriter::Device type is : zynq
TRACE::2022-12-17.13:57:00::SCWBifWriter::Writing BIF to file : Z:/ZynqBerry/workspace/sdk/MIPI_system/Debug/system.bif
TRACE::2022-12-17.13:57:00::SCWBifWriter::Writing the Zynq Baremetal bif 
TRACE::2022-12-17.13:57:30::SCWBifWriter::Found the complete platform Z:/ZynqBerry/workspace/sdk/TE0727-02-41C34/export/TE0727-02-41C34/TE0727-02-41C34.xpfm
TRACE::2022-12-17.13:57:30::SCWBifWriter::hardware databse : design_1_wrapper_2
TRACE::2022-12-17.13:57:30::SCWBifWriter::bitstream found in the design
TRACE::2022-12-17.13:57:30::SCWBifWriter::Found a baremetal domain, proc: ps7_cortexa9_0
TRACE::2022-12-17.13:57:30::SCWBifWriter::proc type : 
TRACE::2022-12-17.13:57:30::SCWBifWriter::proc[0] : ps7_cortexa9_0
TRACE::2022-12-17.13:57:30::SCWBifWriter::Device type is : zynq
TRACE::2022-12-17.13:57:30::SCWBifWriter::Writing BIF to file : Z:/ZynqBerry/workspace/sdk/MIPI_system/Debug/system.bif
TRACE::2022-12-17.13:57:30::SCWBifWriter::Writing the Zynq Baremetal bif 
TRACE::2022-12-17.14:02:42::SCWBifWriter::Found the complete platform Z:/ZynqBerry/workspace/sdk/TE0727-02-41C34/export/TE0727-02-41C34/TE0727-02-41C34.xpfm
TRACE::2022-12-17.14:02:42::SCWBifWriter::hardware databse : design_1_wrapper_6
TRACE::2022-12-17.14:02:42::SCWBifWriter::bitstream found in the design
TRACE::2022-12-17.14:02:42::SCWBifWriter::Found a baremetal domain, proc: ps7_cortexa9_0
TRACE::2022-12-17.14:02:42::SCWBifWriter::proc type : 
TRACE::2022-12-17.14:02:42::SCWBifWriter::proc[0] : ps7_cortexa9_0
TRACE::2022-12-17.14:02:42::SCWBifWriter::Device type is : zynq
TRACE::2022-12-17.14:02:42::SCWBifWriter::Writing BIF to file : Z:/ZynqBerry/workspace/sdk/MIPI_system/Debug/system.bif
TRACE::2022-12-17.14:02:42::SCWBifWriter::Writing the Zynq Baremetal bif 
TRACE::2022-12-17.14:05:55::SCWBifWriter::Found the complete platform Z:/ZynqBerry/workspace/sdk/TE0727-02-41C34/export/TE0727-02-41C34/TE0727-02-41C34.xpfm
TRACE::2022-12-17.14:05:55::SCWBifWriter::hardware databse : design_1_wrapper_6
TRACE::2022-12-17.14:05:55::SCWBifWriter::bitstream found in the design
TRACE::2022-12-17.14:05:55::SCWBifWriter::Found a baremetal domain, proc: ps7_cortexa9_0
TRACE::2022-12-17.14:05:55::SCWBifWriter::proc type : 
TRACE::2022-12-17.14:05:55::SCWBifWriter::proc[0] : ps7_cortexa9_0
TRACE::2022-12-17.14:05:55::SCWBifWriter::Device type is : zynq
TRACE::2022-12-17.14:05:55::SCWBifWriter::Writing BIF to file : Z:/ZynqBerry/workspace/sdk/MIPI_system/Debug/system.bif
TRACE::2022-12-17.14:05:55::SCWBifWriter::Writing the Zynq Baremetal bif 
TRACE::2022-12-17.14:08:49::SCWBifWriter::Found the complete platform Z:/ZynqBerry/workspace/sdk/TE0727-02-41C34/export/TE0727-02-41C34/TE0727-02-41C34.xpfm
TRACE::2022-12-17.14:08:49::SCWBifWriter::hardware databse : design_1_wrapper_6
TRACE::2022-12-17.14:08:49::SCWBifWriter::bitstream found in the design
TRACE::2022-12-17.14:08:49::SCWBifWriter::Found a baremetal domain, proc: ps7_cortexa9_0
TRACE::2022-12-17.14:08:49::SCWBifWriter::proc type : 
TRACE::2022-12-17.14:08:49::SCWBifWriter::proc[0] : ps7_cortexa9_0
TRACE::2022-12-17.14:08:49::SCWBifWriter::Device type is : zynq
TRACE::2022-12-17.14:08:49::SCWBifWriter::Writing BIF to file : Z:/ZynqBerry/workspace/sdk/MIPI_system/Debug/system.bif
TRACE::2022-12-17.14:08:49::SCWBifWriter::Writing the Zynq Baremetal bif 
